0 info it worked if it ends with ok
1 verbose cli [ 'C:\\Program Files\\nodejs\\\\node.exe',
1 verbose cli   'C:\\Program Files\\nodejs\\node_modules\\npm\\bin\\npm-cli.js',
1 verbose cli   'install',
1 verbose cli   'fis3-optimizer-html-minifier' ]
2 info using npm@1.4.28
3 info using node@v0.10.35
4 verbose node symlink C:\Program Files\nodejs\\node.exe
5 verbose cache add [ 'fis3-optimizer-html-minifier', null ]
6 verbose cache add name=undefined spec="fis3-optimizer-html-minifier" args=["fis3-optimizer-html-minifier",null]
7 verbose parsed url { protocol: null,
7 verbose parsed url   slashes: null,
7 verbose parsed url   auth: null,
7 verbose parsed url   host: null,
7 verbose parsed url   port: null,
7 verbose parsed url   hostname: null,
7 verbose parsed url   hash: null,
7 verbose parsed url   search: null,
7 verbose parsed url   query: null,
7 verbose parsed url   pathname: 'fis3-optimizer-html-minifier',
7 verbose parsed url   path: 'fis3-optimizer-html-minifier',
7 verbose parsed url   href: 'fis3-optimizer-html-minifier' }
8 silly lockFile fa3e2b66-fis3-optimizer-html-minifier fis3-optimizer-html-minifier
9 verbose lock fis3-optimizer-html-minifier C:\Users\12\AppData\Roaming\npm-cache\fa3e2b66-fis3-optimizer-html-minifier.lock
10 silly lockFile fa3e2b66-fis3-optimizer-html-minifier fis3-optimizer-html-minifier
11 silly lockFile fa3e2b66-fis3-optimizer-html-minifier fis3-optimizer-html-minifier
12 verbose addNamed [ 'fis3-optimizer-html-minifier', '' ]
13 verbose addNamed [ null, '*' ]
14 silly lockFile 48b02d80-fis3-optimizer-html-minifier fis3-optimizer-html-minifier@
15 verbose lock fis3-optimizer-html-minifier@ C:\Users\12\AppData\Roaming\npm-cache\48b02d80-fis3-optimizer-html-minifier.lock
16 silly addNameRange { name: 'fis3-optimizer-html-minifier',
16 silly addNameRange   range: '*',
16 silly addNameRange   hasData: false }
17 verbose request where is /fis3-optimizer-html-minifier
18 verbose request registry https://registry.npmjs.org/
19 verbose request id c1bd59eea40e9ad4
20 verbose url raw /fis3-optimizer-html-minifier
21 verbose url resolving [ 'https://registry.npmjs.org/',
21 verbose url resolving   './fis3-optimizer-html-minifier' ]
22 verbose url resolved https://registry.npmjs.org/fis3-optimizer-html-minifier
23 verbose request where is https://registry.npmjs.org/fis3-optimizer-html-minifier
24 info trying registry request attempt 1 at 14:50:36
25 http GET https://registry.npmjs.org/fis3-optimizer-html-minifier
26 http 404 https://registry.npmjs.org/fis3-optimizer-html-minifier
27 silly registry.get cb [ 404,
27 silly registry.get   { 'content-type': 'application/json',
27 silly registry.get     'cache-control': 'max-age=0',
27 silly registry.get     'content-length': '2',
27 silly registry.get     'accept-ranges': 'bytes',
27 silly registry.get     date: 'Sat, 07 Nov 2015 06:49:59 GMT',
27 silly registry.get     via: '1.1 varnish',
27 silly registry.get     age: '0',
27 silly registry.get     connection: 'keep-alive',
27 silly registry.get     'x-served-by': 'cache-itm7426-ITM',
27 silly registry.get     'x-cache': 'MISS',
27 silly registry.get     'x-cache-hits': '0',
27 silly registry.get     'x-timer': 'S1446878998.617579,VS0,VE823' } ]
28 silly lockFile 48b02d80-fis3-optimizer-html-minifier fis3-optimizer-html-minifier@
29 silly lockFile 48b02d80-fis3-optimizer-html-minifier fis3-optimizer-html-minifier@
30 error 404 Not Found
30 error 404
30 error 404 'fis3-optimizer-html-minifier' is not in the npm registry.
30 error 404 You should bug the author to publish it
30 error 404
30 error 404 Note that you can also install from a
30 error 404 tarball, folder, or http url, or git url.
31 error System Windows_NT 6.1.7601
32 error command "C:\\Program Files\\nodejs\\\\node.exe" "C:\\Program Files\\nodejs\\node_modules\\npm\\bin\\npm-cli.js" "install" "fis3-optimizer-html-minifier"
33 error cwd D:\git\JFinal_Authority\web-src
34 error node -v v0.10.35
35 error npm -v 1.4.28
36 error code E404
37 verbose exit [ 1, true ]
